<?xml version="1.0" encoding="UTF-8"?>
<!-- Generated by org.testng.reporters.JUnitReportReporter -->
<testsuite skipped="0" hostname="MacBook-Pro-de-Itexico.local" name="itexico.training.iOSNewSampleTest" tests="2" failures="0" timestamp="16 jul 2019 16:57:31 GMT" time="7.550" errors="0">
  <testcase name="iconDisplayedTest" time="1.741" classname="itexico.training.iOSNewSampleTest"/>
  <testcase name="basicTesting" time="5.809" classname="itexico.training.iOSNewSampleTest"/>
</testsuite> <!-- itexico.training.iOSNewSampleTest -->
